Removed Pin From Net: NetName=GND Pin=P1-1
Removed Pin From Net: NetName=5V Pin=P1-2
Removed Pin From Net: NetName=5V Pin=P3-2
Removed Pin From Net: NetName=GND Pin=P6-1
Removed Pin From Net: NetName=GND Pin=P8-1
Removed Pin From Net: NetName=5V Pin=R1-1
Removed Pin From Net: NetName=3.3V Pin=R1-2
Removed Pin From Net: NetName=3.3V Pin=R6-1
Removed Pin From Net: NetName=5V Pin=R7-2
Removed Pin From Net: NetName=3.3V Pin=R9-1
Removed Pin From Net: NetName=5V Pin=R10-1
Removed Pin From Net: NetName=5V Pin=R11-1
Removed Pin From Net: NetName=GND Pin=R13-1
Removed Pin From Net: NetName=3.3V Pin=R14-2
Removed Pin From Net: NetName=GND Pin=R15-1
Removed Pin From Net: NetName=3.3V Pin=R15-2
Removed Member From Class: ClassName=Winding Machine sch Member=P1
Removed Member From Class: ClassName=Winding Machine sch Member=P2
Removed Member From Class: ClassName=Winding Machine sch Member=P3
Removed Member From Class: ClassName=Winding Machine sch Member=P5
Removed Member From Class: ClassName=Winding Machine sch Member=P6
Removed Member From Class: ClassName=Winding Machine sch Member=P8
Removed Member From Class: ClassName=Winding Machine sch Member=R1
Removed Member From Class: ClassName=Winding Machine sch Member=R2
Removed Member From Class: ClassName=Winding Machine sch Member=R6
Removed Member From Class: ClassName=Winding Machine sch Member=R7
Removed Member From Class: ClassName=Winding Machine sch Member=R8
Removed Member From Class: ClassName=Winding Machine sch Member=R9
Removed Member From Class: ClassName=Winding Machine sch Member=R10
Removed Member From Class: ClassName=Winding Machine sch Member=R11
Removed Member From Class: ClassName=Winding Machine sch Member=R12
Removed Member From Class: ClassName=Winding Machine sch Member=R13
Removed Member From Class: ClassName=Winding Machine sch Member=R14
Removed Member From Class: ClassName=Winding Machine sch Member=R15
Removed Member From Class: ClassName=Winding Machine sch Member=R16
Change Component Designator: OldDesignator=*1 NewDesignator=*?
Change Component Designator: OldDesignator=C1 NewDesignator=C?
Change Component Designator: OldDesignator=D1 NewDesignator=D?
Change Component Designator: OldDesignator=D2 NewDesignator=D?
Change Component Designator: OldDesignator=D3 NewDesignator=D?
Change Component Designator: OldDesignator=Display1 NewDesignator=Display?
Change Component Designator: OldDesignator=LS1 NewDesignator=LS?
Change Component Designator: OldDesignator=P4 NewDesignator=P?
Change Component Designator: OldDesignator=P7 NewDesignator=P?
Change Component Designator: OldDesignator=P9 NewDesignator=P?
Change Component Designator: OldDesignator=P10 NewDesignator=P?
Change Component Designator: OldDesignator=Q1 NewDesignator=Q?
Change Component Designator: OldDesignator=Q2 NewDesignator=Q?
Change Component Designator: OldDesignator=Q3 NewDesignator=Q?
Change Component Designator: OldDesignator=R3 NewDesignator=R?
Change Component Designator: OldDesignator=R4 NewDesignator=R?
Change Component Designator: OldDesignator=R5 NewDesignator=R?
Change Component Designator: OldDesignator=R17 NewDesignator=R?
Change Component Designator: OldDesignator=R18 NewDesignator=R?
Change Component Designator: OldDesignator=S1 NewDesignator=S?
Added Component: Designator=P?(CONN_AKZ 700/2)
Added Component: Designator=P?(HDR1X6H)
Added Component: Designator=P?(HDR1X6H)
Added Component: Designator=P?(CONN_AKZ 700/2)
Added Component: Designator=P?(CONN_AKZ 700/2)
Added Component: Designator=P?(CONN_AKZ 700/2)
Added Component: Designator=R?(AXIAL-0.3)
Added Component: Designator=R?(AXIAL-0.3)
Added Component: Designator=R?(POTI)
Added Component: Designator=R?(AXIAL-0.3)
Added Component: Designator=R?(AXIAL-0.3)
Added Component: Designator=R?(AXIAL-0.3)
Added Component: Designator=R?(AXIAL-0.3)
Added Component: Designator=R?(AXIAL-0.3)
Added Component: Designator=R?(AXIAL-0.3)
Added Component: Designator=R?(AXIAL-0.3)
Added Component: Designator=R?(AXIAL-0.3)
Added Component: Designator=R?(AXIAL-0.3)
Added Component: Designator=R?(AXIAL-0.3)
Added Pin To Net: NetName=GND Pin=P?-1
Added Pin To Net: NetName=GND Pin=P?-1
Added Pin To Net: NetName=GND Pin=P?-1
Added Pin To Net: NetName=5V Pin=P?-2
Added Pin To Net: NetName=5V Pin=P?-2
Added Pin To Net: NetName=3.3V Pin=R?-1
Added Pin To Net: NetName=3.3V Pin=R?-1
Added Pin To Net: NetName=5V Pin=R?-1
Added Pin To Net: NetName=5V Pin=R?-1
Added Pin To Net: NetName=5V Pin=R?-1
Added Pin To Net: NetName=GND Pin=R?-1
Added Pin To Net: NetName=GND Pin=R?-1
Added Pin To Net: NetName=3.3V Pin=R?-2
Added Pin To Net: NetName=3.3V Pin=R?-2
Added Pin To Net: NetName=3.3V Pin=R?-2
Added Pin To Net: NetName=5V Pin=R?-2
Change Net Name : Old Net Name=Net*1_8 New Net Name=Net*?_8
Change Net Name : Old Net Name=Net*1_19 New Net Name=Net*?_19
Change Net Name : Old Net Name=Net*1_20 New Net Name=Net*?_20
Change Net Name : Old Net Name=Net*1_21 New Net Name=Net*?_21
Change Net Name : Old Net Name=Net*1_22 New Net Name=Net*?_22
Change Net Name : Old Net Name=Net*1_23 New Net Name=Net*?_23
Change Net Name : Old Net Name=Net*1_24 New Net Name=Net*?_24
Change Net Name : Old Net Name=Net*1_25 New Net Name=Net*?_25
Change Net Name : Old Net Name=Net*1_26 New Net Name=Net*?_26
Change Net Name : Old Net Name=Net*1_27 New Net Name=Net*?_27
Change Net Name : Old Net Name=Net*1_30 New Net Name=Net*?_30
Change Net Name : Old Net Name=NetLS1_1 New Net Name=NetLS?_1
Change Net Name : Old Net Name=NetLS1_2 New Net Name=NetLS?_2
Change Net Name : Old Net Name=NetP4_5 New Net Name=NetP?_5
Change Net Name : Old Net Name=NetP4_7 New Net Name=NetP?_7
Change Net Name : Old Net Name=NetP4_8 New Net Name=NetP?_8
Change Net Name : Old Net Name=NetQ3_3 New Net Name=NetQ?_3
Added Pin To Net: NetName=Net*?_1 Pin=*?-1
Added Pin To Net: NetName=Net*?_1 Pin=P?-2
Added Pin To Net: NetName=Net*?_1 Pin=R?-1
Added Net: Name=Net*?_1
Added Pin To Net: NetName=Net*?_2 Pin=*?-2
Added Pin To Net: NetName=Net*?_2 Pin=P?-2
Added Pin To Net: NetName=Net*?_2 Pin=R?-2
Added Net: Name=Net*?_2
Added Pin To Net: NetName=Net*?_4 Pin=*?-4
Added Pin To Net: NetName=Net*?_4 Pin=P?-2
Added Pin To Net: NetName=Net*?_4 Pin=R?-2
Added Net: Name=Net*?_4
Added Pin To Net: NetName=Net*?_5 Pin=*?-5
Added Pin To Net: NetName=Net*?_5 Pin=P?-4
Added Net: Name=Net*?_5
Added Pin To Net: NetName=Net*?_6 Pin=*?-6
Added Pin To Net: NetName=Net*?_6 Pin=P?-3
Added Net: Name=Net*?_6
Added Pin To Net: NetName=Net*?_7 Pin=*?-7
Added Pin To Net: NetName=Net*?_7 Pin=P?-2
Added Net: Name=Net*?_7
Added Pin To Net: NetName=Net*?_12 Pin=*?-12
Added Pin To Net: NetName=Net*?_12 Pin=P?-5
Added Net: Name=Net*?_12
Added Pin To Net: NetName=Net*?_13 Pin=*?-13
Added Pin To Net: NetName=Net*?_13 Pin=P?-4
Added Net: Name=Net*?_13
Added Pin To Net: NetName=Net*?_14 Pin=*?-14
Added Pin To Net: NetName=Net*?_14 Pin=P?-3
Added Net: Name=Net*?_14
Added Pin To Net: NetName=Net*?_15 Pin=*?-15
Added Pin To Net: NetName=Net*?_15 Pin=C?-2
Added Pin To Net: NetName=Net*?_15 Pin=P?-2
Added Pin To Net: NetName=Net*?_15 Pin=R?-2
Added Net: Name=Net*?_15
Added Pin To Net: NetName=Net*?_16 Pin=*?-16
Added Pin To Net: NetName=Net*?_16 Pin=P?-1
Added Net: Name=Net*?_16
Added Pin To Net: NetName=Net*?_28 Pin=*?-28
Added Pin To Net: NetName=Net*?_28 Pin=R?-1
Added Net: Name=Net*?_28
Added Pin To Net: NetName=Net*?_29 Pin=*?-29
Added Pin To Net: NetName=Net*?_29 Pin=R?-1
Added Pin To Net: NetName=Net*?_29 Pin=R?-2
Added Net: Name=Net*?_29
Added Pin To Net: NetName=NetD?_1 Pin=D?-1
Added Pin To Net: NetName=NetD?_1 Pin=R?-2
Added Net: Name=NetD?_1
Added Pin To Net: NetName=NetD?_2 Pin=D?-2
Added Pin To Net: NetName=NetD?_2 Pin=R?-2
Added Net: Name=NetD?_2
Added Pin To Net: NetName=NetP?_1 Pin=P?-1
Added Pin To Net: NetName=NetP?_1 Pin=R?-2
Added Net: Name=NetP?_1
Added Pin To Net: NetName=NetP?_2 Pin=P?-2
Added Pin To Net: NetName=NetP?_2 Pin=Q?-2
Added Pin To Net: NetName=NetP?_2 Pin=R?-2
Added Net: Name=NetP?_2
Added Pin To Net: NetName=NetQ?_2 Pin=Q?-2
Added Pin To Net: NetName=NetQ?_2 Pin=R?-1
Added Pin To Net: NetName=NetQ?_2 Pin=R?-1
Added Net: Name=NetQ?_2
Added Pin To Net: NetName=NetR?_1 Pin=R?-1
Added Pin To Net: NetName=NetR?_1 Pin=R?-3
Added Net: Name=NetR?_1
Added Member To Class: ClassName=Winding Machine sch Member=Component P? Supply
Added Member To Class: ClassName=Winding Machine sch Member=Component P? Header 6H
Added Member To Class: ClassName=Winding Machine sch Member=Component P? Header 6H
Added Member To Class: ClassName=Winding Machine sch Member=Component P? Rotary1
Added Member To Class: ClassName=Winding Machine sch Member=Component P? Rotary2
Added Member To Class: ClassName=Winding Machine sch Member=Component P? PWM
Added Member To Class: ClassName=Winding Machine sch Member=Component R? Res1
Added Member To Class: ClassName=Winding Machine sch Member=Component R? Res1
Added Member To Class: ClassName=Winding Machine sch Member=Component R? RPot
Added Member To Class: ClassName=Winding Machine sch Member=Component R? Res1
Added Member To Class: ClassName=Winding Machine sch Member=Component R? Res1
Added Member To Class: ClassName=Winding Machine sch Member=Component R? Res1
Added Member To Class: ClassName=Winding Machine sch Member=Component R? Res1
Added Member To Class: ClassName=Winding Machine sch Member=Component R? Res1
Added Member To Class: ClassName=Winding Machine sch Member=Component R? Res1
Added Member To Class: ClassName=Winding Machine sch Member=Component R? Res1
Added Member To Class: ClassName=Winding Machine sch Member=Component R? Res1
Added Member To Class: ClassName=Winding Machine sch Member=Component R? Res1
Added Member To Class: ClassName=Winding Machine sch Member=Component R? Res1
Added Room: Name=Winding Machine sch
