Removed Pin From Net: NetName=NetP3_1 Pin=R1-1
Removed Pin From Net: NetName=Net*1_30 Pin=R1-2
Removed Pin From Net: NetName=NetD1_2 Pin=R10-1
Removed Pin From Net: NetName=Net*1_25 Pin=R10-2
Removed Pin From Net: NetName=GND Pin=R11-1
Removed Pin From Net: NetName=NetD1_2 Pin=R11-2
Added Component: Designator=R2(AXIAL-0.3)
Added Component: Designator=R13(AXIAL-0.3)
Added Component: Designator=R14(POTI)
Added Pin To Net: NetName=5V Pin=R1-1
Added Pin To Net: NetName=NetD1_2 Pin=R1-2
Added Pin To Net: NetName=NetP3_1 Pin=R1-1
Added Pin To Net: NetName=Net*1_30 Pin=R1-2
Added Pin To Net: NetName=Net*1_28 Pin=R10-1
Added Pin To Net: NetName=NetQ2_3 Pin=R10-2
Added Pin To Net: NetName=NetQ1_2 Pin=R11-1
Added Pin To Net: NetName=NetP9_1 Pin=R11-2
Added Pin To Net: NetName=NetD1_2 Pin=R10-1
Added Pin To Net: NetName=Net*1_25 Pin=R10-2
Added Pin To Net: NetName=GND Pin=R11-1
Added Pin To Net: NetName=NetD1_2 Pin=R11-2
Added Member To Class: ClassName=Winding Machine sch Member=Component R2 Res1
Added Member To Class: ClassName=Winding Machine sch Member=Component R13 Res1
Added Member To Class: ClassName=Winding Machine sch Member=Component R14 RPot
Added Room: Name=Winding Machine sch
