Removed Pin From Net: NetName=Net*1_28 Pin=R10-1
Removed Pin From Net: NetName=NetQ2_3 Pin=R10-2
Removed Pin From Net: NetName=GND Pin=R11-1
Removed Pin From Net: NetName=NetP8_2 Pin=R11-2
Removed Pin From Net: NetName=Net*1_1 Pin=R12-1
Removed Pin From Net: NetName=3.3V Pin=R12-2
Removed Pin From Net: NetName=3.3V Pin=R13-2
Removed Pin From Net: NetName=Net*1_15 Pin=R14-2
Change Component DesignItemId : Designator=R13 Old DesignItemId=RPot New DesignItemId=Res1
Change Component Footprint: Designator=R13 Old Footprint=POTI New Footprint=AXIAL-0.3
Change Component Comment : Designator=R13 Old Comment=RPot New Comment=Res1
Change Component Designator: OldDesignator=R15 NewDesignator=R17
Change Component Designator: OldDesignator=R16 NewDesignator=R18
Added Component: Designator=D2(LED-1)
Added Component: Designator=D3(LED-1)
Added Component: Designator=R15(POTI)
Added Component: Designator=R16(AXIAL-0.3)
Added Pin To Net: NetName=GND Pin=D2-2
Added Pin To Net: NetName=GND Pin=D3-2
Added Pin To Net: NetName=5V Pin=R10-1
Added Pin To Net: NetName=5V Pin=R11-1
Added Pin To Net: NetName=Net*1_28 Pin=R12-1
Added Pin To Net: NetName=NetQ2_3 Pin=R12-2
Added Pin To Net: NetName=NetP8_2 Pin=R13-2
Added Pin To Net: NetName=Net*1_1 Pin=R14-1
Added Pin To Net: NetName=3.3V Pin=R14-2
Added Pin To Net: NetName=GND Pin=R13-1
Added Pin To Net: NetName=3.3V Pin=R13-2
Added Pin To Net: NetName=Net*1_15 Pin=R14-2
Added Pin To Net: NetName=NetD2_1 Pin=D2-1
Added Pin To Net: NetName=NetD2_1 Pin=R10-2
Added Net: Name=NetD2_1
Added Pin To Net: NetName=NetD3_1 Pin=D3-1
Added Pin To Net: NetName=NetD3_1 Pin=R11-2
Added Net: Name=NetD3_1
Added Pin To Net: NetName=NetR15_3 Pin=R14-1
Added Net: Name=NetR15_3
Added Member To Class: ClassName=Winding Machine sch Member=Component D2 LED1
Added Member To Class: ClassName=Winding Machine sch Member=Component D3 LED1
Added Member To Class: ClassName=Winding Machine sch Member=Component R17 Res1
Added Member To Class: ClassName=Winding Machine sch Member=Component R18 Res1
Added Room: Name=Winding Machine sch
