Removed Pin From Net: NetName=Net*1_4 Pin=P8-2
Removed Pin From Net: NetName=GND Pin=P9-1
Removed Pin From Net: NetName=Net*1_25 Pin=R11-1
Removed Pin From Net: NetName=3.3V Pin=R11-2
Removed Pin From Net: NetName=GND Pin=R12-1
Change Component Comment : Designator=P8 Old Comment=DirectionSwitch2 New Comment=PWM
Change Component Designator: OldDesignator=R14 NewDesignator=R13
Change Component Designator: OldDesignator=R15 NewDesignator=R14
Added Component: Designator=LS1(Buzzer)
Added Component: Designator=P9(CONN_AKZ 700/2)
Added Component: Designator=Q3(BC639)
Added Component: Designator=R12(AXIAL-0.3)
Added Component: Designator=R15(AXIAL-0.3)
Added Component: Designator=R16(AXIAL-0.3)
Added Component: Designator=S1(120R 2W)
Added Pin To Net: NetName=GND Pin=P8-1
Added Pin To Net: NetName=Net*1_4 Pin=P8-2
Added Pin To Net: NetName=GND Pin=Q3-1
Added Pin To Net: NetName=GND Pin=R11-1
Added Pin To Net: NetName=Net*1_25 Pin=R11-1
Added Pin To Net: NetName=3.3V Pin=R11-2
Added Pin To Net: NetName=GND Pin=R16-1
Added Pin To Net: NetName=5V Pin=S1-1
Change Net Name : Old Net Name=NetR14_3 New Net Name=NetR13_3
Added Pin To Net: NetName=NetLS1_1 Pin=LS1-1
Added Pin To Net: NetName=NetLS1_1 Pin=S1-2
Added Net: Name=NetLS1_1
Added Pin To Net: NetName=NetLS1_2 Pin=LS1-2
Added Pin To Net: NetName=NetLS1_2 Pin=Q3-2
Added Net: Name=NetLS1_2
Added Pin To Net: NetName=NetP8_2 Pin=P8-2
Added Pin To Net: NetName=NetP8_2 Pin=Q1-2
Added Pin To Net: NetName=NetP8_2 Pin=R11-2
Added Net: Name=NetP8_2
Added Pin To Net: NetName=NetQ3_3 Pin=Q3-3
Added Pin To Net: NetName=NetQ3_3 Pin=R15-2
Added Pin To Net: NetName=NetQ3_3 Pin=R16-2
Added Net: Name=NetQ3_3
Added Pin To Net: NetName=NetR15_1 Pin=R15-1
Added Net: Name=NetR15_1
Added Member To Class: ClassName=Winding Machine sch Member=Component LS1 Bell
Added Member To Class: ClassName=Winding Machine sch Member=Component Q3 BC639
Added Member To Class: ClassName=Winding Machine sch Member=Component R15 Res1
Added Member To Class: ClassName=Winding Machine sch Member=Component R16 Res1
Added Member To Class: ClassName=Winding Machine sch Member=Component S1 SW-PB
Added Room: Name=Winding Machine sch
