Removed Pin From Net: NetName=GND Pin=P3-1
Removed Pin From Net: NetName=NetP6_2 Pin=P3-2
Removed Pin From Net: NetName=NetP3_1 Pin=R1-1
Removed Pin From Net: NetName=Net*1_30 Pin=R1-2
Removed Pin From Net: NetName=NetD1_2 Pin=R10-1
Removed Pin From Net: NetName=Net*1_25 Pin=R10-2
Removed Pin From Net: NetName=GND Pin=R11-1
Removed Pin From Net: NetName=NetD1_2 Pin=R11-2
Change Component Comment : Designator=P6 Old Comment=Rotary 1 New Comment=DirectionSwitch 1
Change Component Comment : Designator=P3 Old Comment=Rotary New Comment=DirectionSwitch 1
Added Component: Designator=R2(AXIAL-0.3)
Added Component: Designator=R13(AXIAL-0.3)
Added Component: Designator=R14(POTI)
Added Pin To Net: NetName=NetP3_1 Pin=P3-1
Added Pin To Net: NetName=5V Pin=P3-2
Added Pin To Net: NetName=GND Pin=P6-1
Added Pin To Net: NetName=NetP6_2 Pin=P6-2
Added Pin To Net: NetName=5V Pin=R1-1
Added Pin To Net: NetName=NetD1_2 Pin=R1-2
Added Pin To Net: NetName=NetP3_1 Pin=R1-1
Added Pin To Net: NetName=Net*1_30 Pin=R1-2
Added Pin To Net: NetName=Net*1_28 Pin=R10-1
Added Pin To Net: NetName=NetQ2_3 Pin=R10-2
Added Pin To Net: NetName=NetQ1_2 Pin=R11-1
Added Pin To Net: NetName=NetP9_1 Pin=R11-2
Added Pin To Net: NetName=NetD1_2 Pin=R10-1
Added Pin To Net: NetName=Net*1_25 Pin=R10-2
Added Pin To Net: NetName=GND Pin=R11-1
Added Pin To Net: NetName=NetD1_2 Pin=R11-2
Added Member To Class: ClassName=Winding Machine sch Member=Component P6 DirectionSwitch 1
Added Member To Class: ClassName=Winding Machine sch Member=Component R2 Res1
Added Member To Class: ClassName=Winding Machine sch Member=Component R13 Res1
Added Member To Class: ClassName=Winding Machine sch Member=Component R14 RPot
Added Room: Name=Winding Machine sch
