Added Pin To Net: NetName=NetD2_2 Pin=D2-2
Change Net Name : Old Net Name=Net*1_1 New Net Name=DIRECTIONSWITCH 2
Change Net Name : Old Net Name=Net*1_2 New Net Name=MANUAL PWM STOP
Change Net Name : Old Net Name=Net*1_4 New Net Name=DIRECTIONSWITCH 1
Change Net Name : Old Net Name=Net*1_5 New Net Name=D1
Change Net Name : Old Net Name=Net*1_6 New Net Name=D0
Change Net Name : Old Net Name=Net*1_7 New Net Name=C2
Change Net Name : Old Net Name=Net*1_8 New Net Name=BUZZER
Change Net Name : Old Net Name=Net*1_12 New Net Name=C0
Change Net Name : Old Net Name=Net*1_13 New Net Name=E2
Change Net Name : Old Net Name=Net*1_14 New Net Name=E1
Change Net Name : Old Net Name=Net*1_15 New Net Name=PWMPOT
Change Net Name : Old Net Name=Net*1_16 New Net Name=A5
Change Net Name : Old Net Name=Net*1_19 New Net Name=D4
Change Net Name : Old Net Name=Net*1_20 New Net Name=D5
Change Net Name : Old Net Name=Net*1_21 New Net Name=D6
Change Net Name : Old Net Name=Net*1_22 New Net Name=D7
Change Net Name : Old Net Name=Net*1_23 New Net Name=RS
Change Net Name : Old Net Name=Net*1_24 New Net Name=E
Change Net Name : Old Net Name=Net*1_25 New Net Name=DIR
Change Net Name : Old Net Name=Net*1_26 New Net Name=STEP
Change Net Name : Old Net Name=Net*1_27 New Net Name=ROTARY TO PIC 2
Change Net Name : Old Net Name=Net*1_28 New Net Name=PWM INPUT
Change Net Name : Old Net Name=Net*1_29 New Net Name=ROTARY TO PIC 1
Change Net Name : Old Net Name=Net*1_30 New Net Name=A0
Change Net Name : Old Net Name=NetP4_5 New Net Name=GND
Change Net Name : Old Net Name=NetP4_7 New Net Name=3.3V
Change Net Name : Old Net Name=NetP4_8 New Net Name=RESET
Added Pin To Net: NetName=Net*1_3 Pin=*1-3
Added Net: Name=Net*1_3
Added Pin To Net: NetName=Net*1_10 Pin=*1-10
Added Net: Name=Net*1_10
Added Pin To Net: NetName=Net*1_17 Pin=*1-17
Added Net: Name=Net*1_17
Added Pin To Net: NetName=Net*1_18 Pin=*1-18
Added Net: Name=Net*1_18
Added Pin To Net: NetName=NetDisplay1_2 Pin=Display1-2
Added Net: Name=NetDisplay1_2
Added Pin To Net: NetName=NetP2_1 Pin=P2-1
Added Net: Name=NetP2_1
Added Pin To Net: NetName=NetP2_5 Pin=P2-5
Added Net: Name=NetP2_5
Added Pin To Net: NetName=NetP2_6 Pin=P2-6
Added Net: Name=NetP2_6
Added Pin To Net: NetName=NetP4_6 Pin=P4-6
Added Net: Name=NetP4_6
Added Pin To Net: NetName=NetP5_6 Pin=P5-6
Added Net: Name=NetP5_6
